Using pre-set license
Built from '2022.3/staging' branch; Version is '2022.3.14f1 (eff2de9070d8) revision 15725278'; Using compiler version '192829333'; Build Type 'Release'
OS: 'Windows 10  (10.0.19045) 64bit Professional' Language: 'ru' Physical Memory: 16318 MB
BatchMode: 1, IsHumanControllingUs: 0, StartBugReporterOnCrash: 0, Is64bit: 1, IsPro: 1

COMMAND LINE ARGUMENTS:
D:\Unity\2022.3.14f1\Editor\Unity.exe
-adb2
-batchMode
-noUpm
-name
AssetImportWorker0
-projectPath
H:/Unity-Projects/RogueHunt/My project
-logFile
Logs/AssetImportWorker0.log
-srvPort
49388
Successfully changed project path to: H:/Unity-Projects/RogueHunt/My project
H:/Unity-Projects/RogueHunt/My project
[UnityMemory] Configuration Parameters - Can be set up in boot.config
    "memorysetup-bucket-allocator-granularity=16"
    "memorysetup-bucket-allocator-bucket-count=8"
    "memorysetup-bucket-allocator-block-size=33554432"
    "memorysetup-bucket-allocator-block-count=8"
    "memorysetup-main-allocator-block-size=16777216"
    "memorysetup-thread-allocator-block-size=16777216"
    "memorysetup-gfx-main-allocator-block-size=16777216"
    "memorysetup-gfx-thread-allocator-block-size=16777216"
    "memorysetup-cache-allocator-block-size=4194304"
    "memorysetup-typetree-allocator-block-size=2097152"
    "memorysetup-profiler-bucket-allocator-granularity=16"
    "memorysetup-profiler-bucket-allocator-bucket-count=8"
    "memorysetup-profiler-bucket-allocator-block-size=33554432"
    "memorysetup-profiler-bucket-allocator-block-count=8"
    "memorysetup-profiler-allocator-block-size=16777216"
    "memorysetup-profiler-editor-allocator-block-size=1048576"
    "memorysetup-temp-allocator-size-main=16777216"
    "memorysetup-job-temp-allocator-block-size=2097152"
    "memorysetup-job-temp-allocator-block-size-background=1048576"
    "memorysetup-job-temp-allocator-reduction-small-platforms=262144"
    "memorysetup-allocator-temp-initial-block-size-main=262144"
    "memorysetup-allocator-temp-initial-block-size-worker=262144"
    "memorysetup-temp-allocator-size-background-worker=32768"
    "memorysetup-temp-allocator-size-job-worker=262144"
    "memorysetup-temp-allocator-size-preload-manager=33554432"
    "memorysetup-temp-allocator-size-nav-mesh-worker=65536"
    "memorysetup-temp-allocator-size-audio-worker=65536"
    "memorysetup-temp-allocator-size-cloud-worker=32768"
    "memorysetup-temp-allocator-size-gi-baking-worker=262144"
    "memorysetup-temp-allocator-size-gfx=262144"
Player connection [6836] Host "[IP] 192.168.0.182 [Port] 0 [Flags] 2 [Guid] 316423268 [EditorId] 316423268 [Version] 1048832 [Id] WindowsEditor(7,DESKTOP-5F9VRL5) [Debug] 1 [PackageName] WindowsEditor [ProjectName] Editor" joined multi-casting on [225.0.0.222:54997]...

Player connection [6836] Host "[IP] 192.168.0.182 [Port] 0 [Flags] 2 [Guid] 316423268 [EditorId] 316423268 [Version] 1048832 [Id] WindowsEditor(7,DESKTOP-5F9VRL5) [Debug] 1 [PackageName] WindowsEditor [ProjectName] Editor" joined alternative multi-casting on [225.0.0.222:34997]...

[Physics::Module] Initialized MultithreadedJobDispatcher with 5 workers.
Refreshing native plugins compatible for Editor in 6.95 ms, found 3 plugins.
Preloading 0 native plugins for Editor in 0.00 ms.
Initialize engine version: 2022.3.14f1 (eff2de9070d8)
[Subsystems] Discovering subsystems at path D:/Unity/2022.3.14f1/Editor/Data/Resources/UnitySubsystems
[Subsystems] Discovering subsystems at path H:/Unity-Projects/RogueHunt/My project/Assets
GfxDevice: creating device client; threaded=0; jobified=0
Direct3D:
    Version:  Direct3D 11.0 [level 11.1]
    Renderer: NVIDIA GeForce GTX 1050 (ID=0x1c81)
    Vendor:   NVIDIA
    VRAM:     1976 MB
    Driver:   31.0.15.4617
Initialize mono
Mono path[0] = 'D:/Unity/2022.3.14f1/Editor/Data/Managed'
Mono path[1] = 'D:/Unity/2022.3.14f1/Editor/Data/MonoBleedingEdge/lib/mono/unityjit-win32'
Mono config path = 'D:/Unity/2022.3.14f1/Editor/Data/MonoBleedingEdge/etc'
Using monoOptions --debugger-agent=transport=dt_socket,embedding=1,server=y,suspend=n,address=127.0.0.1:56320
Begin MonoManager ReloadAssembly
Registering precompiled unity dll's ...
Register platform support module: D:/Unity/2022.3.14f1/Editor/Data/PlaybackEngines/AndroidPlayer/UnityEditor.Android.Extensions.dll
Register platform support module: D:/Unity/2022.3.14f1/Editor/Data/PlaybackEngines/WindowsStandaloneSupport/UnityEditor.WindowsStandalone.Extensions.dll
Registered in 0.005387 seconds.
- Loaded All Assemblies, in  0.357 seconds
Native extension for WindowsStandalone target not found
Native extension for Android target not found
Android Extension - Scanning For ADB Devices 248 ms
Mono: successfully reloaded assembly
- Finished resetting the current domain, in  0.593 seconds
Domain Reload Profiling: 950ms
	BeginReloadAssembly (107ms)
		ExecutionOrderSort (0ms)
		DisableScriptedObjects (0ms)
		BackupInstance (0ms)
		ReleaseScriptingObjects (0ms)
		CreateAndSetChildDomain (1ms)
	RebuildCommonClasses (37ms)
	RebuildNativeTypeToScriptingClass (11ms)
	initialDomainReloadingComplete (52ms)
	LoadAllAssembliesAndSetupDomain (149ms)
		LoadAssemblies (107ms)
		RebuildTransferFunctionScriptingTraits (0ms)
		AnalyzeDomain (147ms)
			TypeCache.Refresh (145ms)
				TypeCache.ScanAssembly (131ms)
			ScanForSourceGeneratedMonoScriptInfo (0ms)
			ResolveRequiredComponents (1ms)
	FinalizeReload (594ms)
		ReleaseScriptCaches (0ms)
		RebuildScriptCaches (0ms)
		SetupLoadedEditorAssemblies (532ms)
			LogAssemblyErrors (0ms)
			InitializePlatformSupportModulesInManaged (375ms)
			SetLoadedEditorAssemblies (4ms)
			RefreshPlugins (0ms)
			BeforeProcessingInitializeOnLoad (2ms)
			ProcessInitializeOnLoadAttributes (104ms)
			ProcessInitializeOnLoadMethodAttributes (47ms)
			AfterProcessingInitializeOnLoad (0ms)
			EditorAssembliesLoaded (0ms)
		ExecutionOrderSort2 (0ms)
		AwakeInstancesAfterBackupRestoration (0ms)
========================================================================
Worker process is ready to serve import requests
Begin MonoManager ReloadAssembly
- Loaded All Assemblies, in  0.578 seconds
Refreshing native plugins compatible for Editor in 1.77 ms, found 3 plugins.
Native extension for WindowsStandalone target not found
Native extension for Android target not found
Package Manager log level set to [2]
[Package Manager] Server::EnsureServerProcessIsRunning -- launch failed, reason: Unity was launched with the -noUpm command-line argument
[Package Manager] UpmClient::Send -- Unable to send message (not connected to UPM process).
[Package Manager] Cannot connect to Unity Package Manager local server
Mono: successfully reloaded assembly
- Finished resetting the current domain, in  0.554 seconds
Domain Reload Profiling: 1131ms
	BeginReloadAssembly (143ms)
		ExecutionOrderSort (0ms)
		DisableScriptedObjects (6ms)
		BackupInstance (0ms)
		ReleaseScriptingObjects (0ms)
		CreateAndSetChildDomain (21ms)
	RebuildCommonClasses (33ms)
	RebuildNativeTypeToScriptingClass (11ms)
	initialDomainReloadingComplete (37ms)
	LoadAllAssembliesAndSetupDomain (354ms)
		LoadAssemblies (255ms)
		RebuildTransferFunctionScriptingTraits (0ms)
		AnalyzeDomain (183ms)
			TypeCache.Refresh (162ms)
				TypeCache.ScanAssembly (146ms)
			ScanForSourceGeneratedMonoScriptInfo (14ms)
			ResolveRequiredComponents (6ms)
	FinalizeReload (554ms)
		ReleaseScriptCaches (0ms)
		RebuildScriptCaches (0ms)
		SetupLoadedEditorAssemblies (387ms)
			LogAssemblyErrors (0ms)
			InitializePlatformSupportModulesInManaged (22ms)
			SetLoadedEditorAssemblies (4ms)
			RefreshPlugins (0ms)
			BeforeProcessingInitializeOnLoad (55ms)
			ProcessInitializeOnLoadAttributes (282ms)
			ProcessInitializeOnLoadMethodAttributes (20ms)
			AfterProcessingInitializeOnLoad (3ms)
			EditorAssembliesLoaded (0ms)
		ExecutionOrderSort2 (0ms)
		AwakeInstancesAfterBackupRestoration (7ms)
Launched and connected shader compiler UnityShaderCompiler.exe after 0.06 seconds
Refreshing native plugins compatible for Editor in 2.01 ms, found 3 plugins.
Preloading 0 native plugins for Editor in 0.00 ms.
Unloading 3083 Unused Serialized files (Serialized files now loaded: 0)
Unloading 32 unused Assets / (56.8 KB). Loaded Objects now: 3547.
Memory consumption went from 126.9 MB to 126.9 MB.
Total: 2.828700 ms (FindLiveObjects: 0.239700 ms CreateObjectMapping: 0.224200 ms MarkObjects: 2.271900 ms  DeleteObjects: 0.091700 ms)

AssetImportParameters requested are different than current active one (requested -> active):
  custom:container-demuxer-ogg: 62fdf1f143b41e24485cea50d1cbac27 -> 
  custom:video-decoder-ogg-theora: a1e56fd34408186e4bbccfd4996cb3dc -> 
  custom:framework-win-MediaFoundation: 216162199b28c13a410421893ffa2e32 -> 
  custom:CustomObjectIndexerAttribute: 756ad292c208cfabdd7b50bc23989ffe -> 
  custom:container-demuxer-webm: 4f35f7cbe854078d1ac9338744f61a02 -> 
  custom:container-muxer-webm: aa71ff27fc2769a1b78a27578f13a17b -> 
  custom:video-decoder-webm-vp8: 9c59270c3fd7afecdb556c50c9e8de78 -> 
  custom:SearchIndexIgnoredProperties: e643bd26f0fe6173181afceb89e7c659 -> 
  custom:AudioImporter_EditorPlatform: d09bf68614088b80899f8185d706f6e7 -> 
  custom:video-encoder-webm-vp8: eb34c28f22e8b96e1ab97ce403110664 -> 
  custom:audio-decoder-ogg-vorbis: bf7c407c2cedff20999df2af8eb42d56 -> 
  custom:audio-encoder-webm-vorbis: bf7c407c2cedff20999df2af8eb42d56 -> 
========================================================================
Received Import Request.
  Time since last request: 613451.973150 seconds.
  path: Assets
  artifactKey: Guid(00000000000000001000000000000000) Importer(815301076,1909f56bfc062723c751e8b465ee728b)
Start importing Assets using Guid(00000000000000001000000000000000) Importer(815301076,1909f56bfc062723c751e8b465ee728b)  -> (artifact id: '8a4fe85251aa2e89732c359432baa2c3') in 0.002116 seconds
Number of updated asset objects reloaded before import = 0
Number of asset objects unloaded after import = 0
========================================================================
Received Import Request.
  Time since last request: 4.203609 seconds.
  path: Assets/Asset Store
  artifactKey: Guid(761c6dd248f077d42bd80ed91ac610fd) Importer(815301076,1909f56bfc062723c751e8b465ee728b)
Start importing Assets/Asset Store using Guid(761c6dd248f077d42bd80ed91ac610fd) Importer(815301076,1909f56bfc062723c751e8b465ee728b)  -> (artifact id: 'bd33cee2f7d013952dd495022a82abfc') in 0.000426 seconds
Number of updated asset objects reloaded before import = 0
Number of asset objects unloaded after import = 0
========================================================================
Received Import Request.
  Time since last request: 217.690352 seconds.
  path: Assets/Low-Poly Weapons
  artifactKey: Guid(cf6899a0b606a71428192558308f3460) Importer(815301076,1909f56bfc062723c751e8b465ee728b)
Start importing Assets/Low-Poly Weapons using Guid(cf6899a0b606a71428192558308f3460) Importer(815301076,1909f56bfc062723c751e8b465ee728b)  -> (artifact id: 'aae037abc0eaff56d29e683a921b7fc6') in 0.000464 seconds
Number of updated asset objects reloaded before import = 0
Number of asset objects unloaded after import = 0
========================================================================
Received Import Request.
  Time since last request: 1.770461 seconds.
  path: Assets/Low-Poly Weapons/Prefabs
  artifactKey: Guid(110bad191b3d34110affc46b1251af5c) Importer(815301076,1909f56bfc062723c751e8b465ee728b)
Start importing Assets/Low-Poly Weapons/Prefabs using Guid(110bad191b3d34110affc46b1251af5c) Importer(815301076,1909f56bfc062723c751e8b465ee728b)  -> (artifact id: '31b93bd18232db671f6fd16c93577952') in 0.000458 seconds
Number of updated asset objects reloaded before import = 0
Number of asset objects unloaded after import = 0
========================================================================
Received Import Request.
  Time since last request: 0.074695 seconds.
  path: Assets/Low-Poly Weapons/Prefabs/Arrow_Explosive.prefab
  artifactKey: Guid(a7ef2398046494d0cadc6b5c28cfa84f) Importer(815301076,1909f56bfc062723c751e8b465ee728b)
Start importing Assets/Low-Poly Weapons/Prefabs/Arrow_Explosive.prefab using Guid(a7ef2398046494d0cadc6b5c28cfa84f) Importer(815301076,1909f56bfc062723c751e8b465ee728b)  -> (artifact id: '62be29be69972c4e5dbfe577564ba0ce') in 0.275787 seconds
Number of updated asset objects reloaded before import = 0
Number of asset objects unloaded after import = 11
========================================================================
Received Import Request.
  Time since last request: 0.000023 seconds.
  path: Assets/Low-Poly Weapons/Prefabs/Potion_Berserk.prefab
  artifactKey: Guid(db1c94431d2a64a068f8c904090cee66) Importer(815301076,1909f56bfc062723c751e8b465ee728b)
Start importing Assets/Low-Poly Weapons/Prefabs/Potion_Berserk.prefab using Guid(db1c94431d2a64a068f8c904090cee66) Importer(815301076,1909f56bfc062723c751e8b465ee728b)  -> (artifact id: 'd68e68eb15ccd156b7ad43af2fb3ce1f') in 0.012742 seconds
Number of updated asset objects reloaded before import = 0
Number of asset objects unloaded after import = 9
========================================================================
Received Import Request.
  Time since last request: 0.000024 seconds.
  path: Assets/Low-Poly Weapons/Prefabs/Arrow_Piercing.prefab
  artifactKey: Guid(84ad69e92e6fe401c8848494bcedac7d) Importer(815301076,1909f56bfc062723c751e8b465ee728b)
Start importing Assets/Low-Poly Weapons/Prefabs/Arrow_Piercing.prefab using Guid(84ad69e92e6fe401c8848494bcedac7d) Importer(815301076,1909f56bfc062723c751e8b465ee728b)  -> (artifact id: '7007a4cfa947743f64b59ee678a96d34') in 0.012466 seconds
Number of updated asset objects reloaded before import = 0
Number of asset objects unloaded after import = 11
========================================================================
Received Import Request.
  Time since last request: 0.000019 seconds.
  path: Assets/Low-Poly Weapons/Prefabs/Potion_Stamina.prefab
  artifactKey: Guid(f244d85ca954f4336a1a7595053efbfc) Importer(815301076,1909f56bfc062723c751e8b465ee728b)
Start importing Assets/Low-Poly Weapons/Prefabs/Potion_Stamina.prefab using Guid(f244d85ca954f4336a1a7595053efbfc) Importer(815301076,1909f56bfc062723c751e8b465ee728b)  -> (artifact id: '4f90e6aefdac868f1595d7686c3d4346') in 0.012306 seconds
Number of updated asset objects reloaded before import = 0
Number of asset objects unloaded after import = 9
========================================================================
Received Import Request.
  Time since last request: 0.000017 seconds.
  path: Assets/Low-Poly Weapons/Prefabs/Bow.prefab
  artifactKey: Guid(8093457b576f04fbfa270bca1b2553a1) Importer(815301076,1909f56bfc062723c751e8b465ee728b)
Start importing Assets/Low-Poly Weapons/Prefabs/Bow.prefab using Guid(8093457b576f04fbfa270bca1b2553a1) Importer(815301076,1909f56bfc062723c751e8b465ee728b)  -> (artifact id: 'c33e88f82de0738b45439367ea5f0aa0') in 0.011944 seconds
Number of updated asset objects reloaded before import = 0
Number of asset objects unloaded after import = 9
========================================================================
Received Import Request.
  Time since last request: 0.000018 seconds.
  path: Assets/Low-Poly Weapons/Prefabs/Arrow_Regular.prefab
  artifactKey: Guid(802986766a97b4a108b97eb5fdf6e02f) Importer(815301076,1909f56bfc062723c751e8b465ee728b)
Start importing Assets/Low-Poly Weapons/Prefabs/Arrow_Regular.prefab using Guid(802986766a97b4a108b97eb5fdf6e02f) Importer(815301076,1909f56bfc062723c751e8b465ee728b)  -> (artifact id: '52e874bcdb895469336f161a9ff502c7') in 0.012155 seconds
Number of updated asset objects reloaded before import = 0
Number of asset objects unloaded after import = 11
========================================================================
Received Import Request.
  Time since last request: 0.000019 seconds.
  path: Assets/Low-Poly Weapons/Prefabs/Bomb.prefab
  artifactKey: Guid(aa64b9ae639024c5097e12b27ac1d84c) Importer(815301076,1909f56bfc062723c751e8b465ee728b)
Start importing Assets/Low-Poly Weapons/Prefabs/Bomb.prefab using Guid(aa64b9ae639024c5097e12b27ac1d84c) Importer(815301076,1909f56bfc062723c751e8b465ee728b)  -> (artifact id: '954e754cd4bbf1a6d143ccc6f553304b') in 0.011898 seconds
Number of updated asset objects reloaded before import = 0
Number of asset objects unloaded after import = 9
========================================================================
Received Import Request.
  Time since last request: 0.000027 seconds.
  path: Assets/Low-Poly Weapons/Prefabs/Sword.prefab
  artifactKey: Guid(ef692f86dcc854a7aba0ac610620cb15) Importer(815301076,1909f56bfc062723c751e8b465ee728b)
Start importing Assets/Low-Poly Weapons/Prefabs/Sword.prefab using Guid(ef692f86dcc854a7aba0ac610620cb15) Importer(815301076,1909f56bfc062723c751e8b465ee728b)  -> (artifact id: 'a639415bbb8d28d85008c05faa3186df') in 0.013488 seconds
Number of updated asset objects reloaded before import = 0
Number of asset objects unloaded after import = 9
========================================================================
Received Import Request.
  Time since last request: 0.000019 seconds.
  path: Assets/Low-Poly Weapons/Prefabs/Crossbow.prefab
  artifactKey: Guid(1dcc6f17f2ad24b98a7ef082c8c454a9) Importer(815301076,1909f56bfc062723c751e8b465ee728b)
Start importing Assets/Low-Poly Weapons/Prefabs/Crossbow.prefab using Guid(1dcc6f17f2ad24b98a7ef082c8c454a9) Importer(815301076,1909f56bfc062723c751e8b465ee728b)  -> (artifact id: 'b8811a8617a7d66f11cd5e94c9cd8017') in 0.013240 seconds
Number of updated asset objects reloaded before import = 0
Number of asset objects unloaded after import = 14
========================================================================
Received Import Request.
  Time since last request: 0.000018 seconds.
  path: Assets/Low-Poly Weapons/Prefabs/Potion_Generic.prefab
  artifactKey: Guid(c08b700bc96ee446685910832e6b01ad) Importer(815301076,1909f56bfc062723c751e8b465ee728b)
Start importing Assets/Low-Poly Weapons/Prefabs/Potion_Generic.prefab using Guid(c08b700bc96ee446685910832e6b01ad) Importer(815301076,1909f56bfc062723c751e8b465ee728b)  -> (artifact id: '0c28c9fe1fadef74edc0e2b17721c4ef') in 0.012516 seconds
Number of updated asset objects reloaded before import = 0
Number of asset objects unloaded after import = 9
========================================================================
Received Import Request.
  Time since last request: 0.000014 seconds.
  path: Assets/Low-Poly Weapons/Prefabs/Shield.prefab
  artifactKey: Guid(b4ea2f3e0e40943219a8997915f71646) Importer(815301076,1909f56bfc062723c751e8b465ee728b)
Start importing Assets/Low-Poly Weapons/Prefabs/Shield.prefab using Guid(b4ea2f3e0e40943219a8997915f71646) Importer(815301076,1909f56bfc062723c751e8b465ee728b)  -> (artifact id: 'c12ca52e986d7db3ba09a54167abc510') in 0.012456 seconds
Number of updated asset objects reloaded before import = 0
Number of asset objects unloaded after import = 9
========================================================================
Received Import Request.
  Time since last request: 0.000018 seconds.
  path: Assets/Low-Poly Weapons/Prefabs/Grenade_Smoke.prefab
  artifactKey: Guid(cc45d25784d134031be721e31c3c239f) Importer(815301076,1909f56bfc062723c751e8b465ee728b)
Start importing Assets/Low-Poly Weapons/Prefabs/Grenade_Smoke.prefab using Guid(cc45d25784d134031be721e31c3c239f) Importer(815301076,1909f56bfc062723c751e8b465ee728b)  -> (artifact id: 'c71f1e41903bcb94d54364ab4383f50b') in 0.012926 seconds
Number of updated asset objects reloaded before import = 0
Number of asset objects unloaded after import = 9
========================================================================
Received Import Request.
  Time since last request: 0.000018 seconds.
  path: Assets/Low-Poly Weapons/Prefabs/Potion_Health.prefab
  artifactKey: Guid(fb5a9652227c545d98a413cd73b80b69) Importer(815301076,1909f56bfc062723c751e8b465ee728b)
Start importing Assets/Low-Poly Weapons/Prefabs/Potion_Health.prefab using Guid(fb5a9652227c545d98a413cd73b80b69) Importer(815301076,1909f56bfc062723c751e8b465ee728b)  -> (artifact id: 'c73362a60806b22b4129f304c775d803') in 0.012414 seconds
Number of updated asset objects reloaded before import = 0
Number of asset objects unloaded after import = 9
========================================================================
Received Import Request.
  Time since last request: 0.000018 seconds.
  path: Assets/Low-Poly Weapons/Prefabs/Potion_Mana.prefab
  artifactKey: Guid(4fc855fb7bf094a0891967175e5bdb17) Importer(815301076,1909f56bfc062723c751e8b465ee728b)
Start importing Assets/Low-Poly Weapons/Prefabs/Potion_Mana.prefab using Guid(4fc855fb7bf094a0891967175e5bdb17) Importer(815301076,1909f56bfc062723c751e8b465ee728b)  -> (artifact id: '46cab008eb81cc39076427b2eb464e3d') in 0.012723 seconds
Number of updated asset objects reloaded before import = 0
Number of asset objects unloaded after import = 9
========================================================================
Received Import Request.
  Time since last request: 0.000020 seconds.
  path: Assets/Low-Poly Weapons/Prefabs/Grenade_Sulfur.prefab
  artifactKey: Guid(41ddecd19696e4b7abfe4584fa7efe68) Importer(815301076,1909f56bfc062723c751e8b465ee728b)
Start importing Assets/Low-Poly Weapons/Prefabs/Grenade_Sulfur.prefab using Guid(41ddecd19696e4b7abfe4584fa7efe68) Importer(815301076,1909f56bfc062723c751e8b465ee728b)  -> (artifact id: '5eefeff4cf7d8fda218936ab76c52e0c') in 0.012391 seconds
Number of updated asset objects reloaded before import = 0
Number of asset objects unloaded after import = 9
========================================================================
Received Import Request.
  Time since last request: 0.000013 seconds.
  path: Assets/Low-Poly Weapons/Prefabs/Dagger.prefab
  artifactKey: Guid(a4cd3d5e9967248a69e6203d2ce67874) Importer(815301076,1909f56bfc062723c751e8b465ee728b)
Start importing Assets/Low-Poly Weapons/Prefabs/Dagger.prefab using Guid(a4cd3d5e9967248a69e6203d2ce67874) Importer(815301076,1909f56bfc062723c751e8b465ee728b)  -> (artifact id: 'e2a81b4cad15a41e282161201d3862c2') in 0.012995 seconds
Number of updated asset objects reloaded before import = 0
Number of asset objects unloaded after import = 9
